02/05/2024 08:44:59 PM Successful GET request by get_10_random() method.
02/05/2024 08:45:05 PM An error occurred while processing the request: 404 Client Error: Not Found for url: https://jsonplaceholder.typicode.com/postssss
02/05/2024 08:45:07 PM An error occurred while processing the request: 404 Client Error: Not Found for url: https://jsonplaceholder.typicode.com/postssss
02/05/2024 08:45:12 PM Successful GET request by get_10_random() method.
02/06/2024 05:25:00 PM Successful GET request by choose_1_post() method.
02/06/2024 05:25:56 PM Successful GET request by choose_1_post() method.
02/06/2024 05:26:03 PM Successful GET request by choose_1_post() method.
02/06/2024 08:40:10 PM Successful GET request by get_comments_for_post() method.
02/06/2024 09:11:53 PM Successful POST request by post_comment() method.
02/06/2024 09:12:23 PM Successful POST request by post_comment() method.
02/06/2024 09:13:38 PM Successful POST request by post_comment() method.
02/06/2024 09:20:53 PM Successful POST request by post_comment() method.
02/06/2024 09:37:38 PM Successful POST request by post_comment() method.
02/06/2024 10:54:06 PM Successful DELETE request by delete_comment() method.
02/06/2024 11:06:29 PM Successful DELETE request by delete_comment() method.
02/06/2024 11:06:40 PM Successful DELETE request by delete_comment() method.
02/07/2024 07:28:32 PM Successful DELETE request by delete_comment() method.
02/07/2024 07:36:38 PM Successful DELETE request by delete_comment() method.
02/07/2024 07:36:51 PM Successful GET request by get_10_random() method.
02/07/2024 07:37:11 PM Successful GET request by get_10_random() method.
02/07/2024 07:41:26 PM Successful DELETE request by delete_comment() method.
02/07/2024 07:41:49 PM Successful GET request by get_10_random() method.
02/07/2024 07:42:21 PM Successful GET request by get_10_random() method.
02/07/2024 07:52:58 PM Successful DELETE request by delete_comment() method.
02/07/2024 07:53:03 PM Successful GET request by get_10_random() method.
